Determining if the Q_WS_WIN exist failed with the following output:
Change Dir: /home/ljmanso/robocomp/components/prp/components/objectOracle/CMakeFiles/CMakeTmp

Run Build Command:"/usr/bin/make" "cmTryCompileExec1355302061/fast"
/usr/bin/make -f CMakeFiles/cmTryCompileExec1355302061.dir/build.make CMakeFiles/cmTryCompileExec1355302061.dir/build
make[1]: Entering directory '/home/ljmanso/robocomp/components/prp/components/objectOracle/CMakeFiles/CMakeTmp'
/usr/bin/cmake -E cmake_progress_report /home/ljmanso/robocomp/components/prp/components/objectOracle/CMakeFiles/CMakeTmp/CMakeFiles 1
Building CXX object CMakeFiles/cmTryCompileExec1355302061.dir/CheckSymbolExists.cxx.o
/usr/bin/c++    -I/usr/include/qt4    -o CMakeFiles/cmTryCompileExec1355302061.dir/CheckSymbolExists.cxx.o -c /home/ljmanso/robocomp/components/prp/components/objectOracle/CMakeFiles/CMakeTmp/CheckSymbolExists.cxx
/home/ljmanso/robocomp/components/prp/components/objectOracle/CMakeFiles/CMakeTmp/CheckSymbolExists.cxx: In function ‘int main(int, char**)’:
/home/ljmanso/robocomp/components/prp/components/objectOracle/CMakeFiles/CMakeTmp/CheckSymbolExists.cxx:8:19: error: ‘Q_WS_WIN’ was not declared in this scope
   return ((int*)(&Q_WS_WIN))[argc];
                   ^
CMakeFiles/cmTryCompileExec1355302061.dir/build.make:57: recipe for target 'CMakeFiles/cmTryCompileExec1355302061.dir/CheckSymbolExists.cxx.o' failed
make[1]: Leaving directory '/home/ljmanso/robocomp/components/prp/components/objectOracle/CMakeFiles/CMakeTmp'
make[1]: *** [CMakeFiles/cmTryCompileExec1355302061.dir/CheckSymbolExists.cxx.o] Error 1
Makefile:117: recipe for target 'cmTryCompileExec1355302061/fast' failed
make: *** [cmTryCompileExec1355302061/fast] Error 2

File /home/ljmanso/robocomp/components/prp/components/objectOracle/CMakeFiles/CMakeTmp/CheckSymbolExists.cxx:
/* */
#include <QtCore/qglobal.h>

int main(int argc, char** argv)
{
  (void)argv;
#ifndef Q_WS_WIN
  return ((int*)(&Q_WS_WIN))[argc];
#else
  (void)argc;
  return 0;
#endif
}

Determining if the Q_WS_QWS exist failed with the following output:
Change Dir: /home/ljmanso/robocomp/components/prp/components/objectOracle/CMakeFiles/CMakeTmp

Run Build Command:"/usr/bin/make" "cmTryCompileExec2213470234/fast"
/usr/bin/make -f CMakeFiles/cmTryCompileExec2213470234.dir/build.make CMakeFiles/cmTryCompileExec2213470234.dir/build
make[1]: Entering directory '/home/ljmanso/robocomp/components/prp/components/objectOracle/CMakeFiles/CMakeTmp'
/usr/bin/cmake -E cmake_progress_report /home/ljmanso/robocomp/components/prp/components/objectOracle/CMakeFiles/CMakeTmp/CMakeFiles 1
Building CXX object CMakeFiles/cmTryCompileExec2213470234.dir/CheckSymbolExists.cxx.o
/usr/bin/c++    -I/usr/include/qt4    -o CMakeFiles/cmTryCompileExec2213470234.dir/CheckSymbolExists.cxx.o -c /home/ljmanso/robocomp/components/prp/components/objectOracle/CMakeFiles/CMakeTmp/CheckSymbolExists.cxx
/home/ljmanso/robocomp/components/prp/components/objectOracle/CMakeFiles/CMakeTmp/CheckSymbolExists.cxx: In function ‘int main(int, char**)’:
/home/ljmanso/robocomp/components/prp/components/objectOracle/CMakeFiles/CMakeTmp/CheckSymbolExists.cxx:8:19: error: ‘Q_WS_QWS’ was not declared in this scope
   return ((int*)(&Q_WS_QWS))[argc];
                   ^
CMakeFiles/cmTryCompileExec2213470234.dir/build.make:57: recipe for target 'CMakeFiles/cmTryCompileExec2213470234.dir/CheckSymbolExists.cxx.o' failed
make[1]: Leaving directory '/home/ljmanso/robocomp/components/prp/components/objectOracle/CMakeFiles/CMakeTmp'
make[1]: *** [CMakeFiles/cmTryCompileExec2213470234.dir/CheckSymbolExists.cxx.o] Error 1
Makefile:117: recipe for target 'cmTryCompileExec2213470234/fast' failed
make: *** [cmTryCompileExec2213470234/fast] Error 2

File /home/ljmanso/robocomp/components/prp/components/objectOracle/CMakeFiles/CMakeTmp/CheckSymbolExists.cxx:
/* */
#include <QtCore/qglobal.h>

int main(int argc, char** argv)
{
  (void)argv;
#ifndef Q_WS_QWS
  return ((int*)(&Q_WS_QWS))[argc];
#else
  (void)argc;
  return 0;
#endif
}

Determining if the Q_WS_MAC exist failed with the following output:
Change Dir: /home/ljmanso/robocomp/components/prp/components/objectOracle/CMakeFiles/CMakeTmp

Run Build Command:"/usr/bin/make" "cmTryCompileExec740513128/fast"
/usr/bin/make -f CMakeFiles/cmTryCompileExec740513128.dir/build.make CMakeFiles/cmTryCompileExec740513128.dir/build
make[1]: Entering directory '/home/ljmanso/robocomp/components/prp/components/objectOracle/CMakeFiles/CMakeTmp'
/usr/bin/cmake -E cmake_progress_report /home/ljmanso/robocomp/components/prp/components/objectOracle/CMakeFiles/CMakeTmp/CMakeFiles 1
Building CXX object CMakeFiles/cmTryCompileExec740513128.dir/CheckSymbolExists.cxx.o
/usr/bin/c++    -I/usr/include/qt4    -o CMakeFiles/cmTryCompileExec740513128.dir/CheckSymbolExists.cxx.o -c /home/ljmanso/robocomp/components/prp/components/objectOracle/CMakeFiles/CMakeTmp/CheckSymbolExists.cxx
/home/ljmanso/robocomp/components/prp/components/objectOracle/CMakeFiles/CMakeTmp/CheckSymbolExists.cxx: In function ‘int main(int, char**)’:
/home/ljmanso/robocomp/components/prp/components/objectOracle/CMakeFiles/CMakeTmp/CheckSymbolExists.cxx:8:19: error: ‘Q_WS_MAC’ was not declared in this scope
   return ((int*)(&Q_WS_MAC))[argc];
                   ^
CMakeFiles/cmTryCompileExec740513128.dir/build.make:57: recipe for target 'CMakeFiles/cmTryCompileExec740513128.dir/CheckSymbolExists.cxx.o' failed
make[1]: *** [CMakeFiles/cmTryCompileExec740513128.dir/CheckSymbolExists.cxx.o] Error 1
make[1]: Leaving directory '/home/ljmanso/robocomp/components/prp/components/objectOracle/CMakeFiles/CMakeTmp'
Makefile:117: recipe for target 'cmTryCompileExec740513128/fast' failed
make: *** [cmTryCompileExec740513128/fast] Error 2

File /home/ljmanso/robocomp/components/prp/components/objectOracle/CMakeFiles/CMakeTmp/CheckSymbolExists.cxx:
/* */
#include <QtCore/qglobal.h>

int main(int argc, char** argv)
{
  (void)argv;
#ifndef Q_WS_MAC
  return ((int*)(&Q_WS_MAC))[argc];
#else
  (void)argc;
  return 0;
#endif
}

